2017-09-23 22:56:45,204:INFO:discord.client: logging in using static token
2017-09-23 22:56:45,801:INFO:discord.gateway: Created websocket connected to wss://gateway.discord.gg?encoding=json&v=6
2017-09-23 22:56:45,803:INFO:discord.gateway: Shard ID None has sent the IDENTIFY payload.
2017-09-23 22:56:45,986:INFO:discord.gateway: Shard ID None has connected to Gateway: gateway-prd-main-dlqc, discord-sessions-prd-1-11 (Session ID: 5bd362212baef5d1a5eda7bb10987bd4).
2017-09-23 22:56:50,419:INFO:discord.state: Processed a chunk for 1000 members in guild ID 356876866952364032.
2017-09-23 22:56:50,557:INFO:discord.state: Processed a chunk for 1000 members in guild ID 356876866952364032.
2017-09-23 22:56:50,733:INFO:discord.state: Processed a chunk for 1000 members in guild ID 356876866952364032.
2017-09-23 22:56:50,841:INFO:discord.state: Processed a chunk for 1000 members in guild ID 356876866952364032.
2017-09-23 22:56:50,986:INFO:discord.state: Processed a chunk for 1000 members in guild ID 356876866952364032.
2017-09-23 22:56:51,045:INFO:discord.state: Processed a chunk for 574 members in guild ID 356876866952364032.
2017-09-23 22:56:51,198:INFO:discord.state: Processed a chunk for 1000 members in guild ID 356869031870988309.
2017-09-23 22:56:51,345:INFO:discord.state: Processed a chunk for 1000 members in guild ID 356869031870988309.
2017-09-23 22:56:51,475:INFO:discord.state: Processed a chunk for 1000 members in guild ID 356869031870988309.
2017-09-23 22:56:51,630:INFO:discord.state: Processed a chunk for 1000 members in guild ID 356869031870988309.
2017-09-23 22:56:51,761:INFO:discord.state: Processed a chunk for 1000 members in guild ID 356869031870988309.
2017-09-23 22:56:51,853:INFO:discord.state: Processed a chunk for 711 members in guild ID 356869031870988309.
2017-09-23 22:56:52,001:INFO:discord.state: Processed a chunk for 1000 members in guild ID 356876897403011072.
2017-09-23 22:56:52,137:INFO:discord.state: Processed a chunk for 1000 members in guild ID 356876897403011072.
2017-09-23 22:56:52,283:INFO:discord.state: Processed a chunk for 1000 members in guild ID 356876897403011072.
2017-09-23 22:56:52,419:INFO:discord.state: Processed a chunk for 1000 members in guild ID 356876897403011072.
2017-09-23 22:56:52,569:INFO:discord.state: Processed a chunk for 1000 members in guild ID 356876897403011072.
2017-09-23 22:56:52,911:INFO:discord.state: Processed a chunk for 472 members in guild ID 356876897403011072.
2017-09-23 22:56:53,077:INFO:discord.state: Processed a chunk for 1000 members in guild ID 272885620769161216.
2017-09-23 22:56:53,126:INFO:discord.state: Processed a chunk for 1000 members in guild ID 272885620769161216.
2017-09-23 22:56:53,162:INFO:discord.state: Processed a chunk for 1000 members in guild ID 272885620769161216.
2017-09-23 22:56:53,398:INFO:discord.state: Processed a chunk for 1000 members in guild ID 272885620769161216.
2017-09-23 22:56:53,454:INFO:discord.state: Processed a chunk for 1000 members in guild ID 272885620769161216.
2017-09-23 22:56:53,542:INFO:discord.state: Processed a chunk for 1000 members in guild ID 272885620769161216.
2017-09-23 22:56:53,677:INFO:discord.state: Processed a chunk for 1000 members in guild ID 272885620769161216.
2017-09-23 22:56:53,839:INFO:discord.state: Processed a chunk for 1000 members in guild ID 272885620769161216.
2017-09-23 22:56:53,962:INFO:discord.state: Processed a chunk for 1000 members in guild ID 272885620769161216.
2017-09-23 22:56:54,114:INFO:discord.state: Processed a chunk for 1000 members in guild ID 272885620769161216.
2017-09-23 22:56:54,283:INFO:discord.state: Processed a chunk for 1000 members in guild ID 272885620769161216.
2017-09-23 22:56:54,401:INFO:discord.state: Processed a chunk for 1000 members in guild ID 272885620769161216.
2017-09-23 22:56:54,542:INFO:discord.state: Processed a chunk for 1000 members in guild ID 272885620769161216.
2017-09-23 22:56:54,687:INFO:discord.state: Processed a chunk for 1000 members in guild ID 272885620769161216.
2017-09-23 22:56:54,831:INFO:discord.state: Processed a chunk for 1000 members in guild ID 272885620769161216.
2017-09-23 22:56:54,996:INFO:discord.state: Processed a chunk for 1000 members in guild ID 272885620769161216.
2017-09-23 22:56:55,116:INFO:discord.state: Processed a chunk for 1000 members in guild ID 272885620769161216.
2017-09-23 22:56:55,280:INFO:discord.state: Processed a chunk for 1000 members in guild ID 272885620769161216.
2017-09-23 22:56:55,400:INFO:discord.state: Processed a chunk for 1000 members in guild ID 272885620769161216.
2017-09-23 22:56:55,541:INFO:discord.state: Processed a chunk for 1000 members in guild ID 272885620769161216.
2017-09-23 22:56:55,683:INFO:discord.state: Processed a chunk for 1000 members in guild ID 272885620769161216.
2017-09-23 22:56:55,824:INFO:discord.state: Processed a chunk for 1000 members in guild ID 272885620769161216.
2017-09-23 22:56:55,830:INFO:discord.state: Processed a chunk for 160 members in guild ID 272885620769161216.
2017-09-23 22:57:02,968:ERROR:discord: unexpected error while running the sync command
Traceback (most recent call last):
  File "/usr/local/lib/python3.6/dist-packages/discord/ext/commands/core.py", line 62, in wrapped
    ret = yield from coro(*args, **kwargs)
  File "/home/frostluma/BlobHammer/run.py", line 99, in sync
    await self.get_cog('Roles').sync()
  File "/home/frostluma/BlobHammer/roles.py", line 65, in sync
    await member.add_roles(role)
AttributeError: 'NoneType' object has no attribute 'add_roles'
2017-09-23 22:57:42,696:INFO:discord.client: Cleaning up event loop.
2017-09-23 22:57:42,828:INFO:discord.gateway: Websocket closed with 1000 (), cannot reconnect.
2017-09-23 22:57:42,828:INFO:discord.client: Cleaning up after 5 tasks
2017-09-23 22:57:43,194:INFO:discord.client: logging in using static token
2017-09-23 22:57:43,815:INFO:discord.gateway: Created websocket connected to wss://gateway.discord.gg?encoding=json&v=6
2017-09-23 22:57:43,817:INFO:discord.gateway: Shard ID None has sent the IDENTIFY payload.
2017-09-23 22:57:43,988:INFO:discord.gateway: Shard ID None has connected to Gateway: gateway-prd-main-ktd7, discord-sessions-prd-1-15 (Session ID: e72dd15b41a921cfd0372f08bb1be9ef).
2017-09-23 22:57:48,540:INFO:discord.state: Processed a chunk for 1000 members in guild ID 356876866952364032.
2017-09-23 22:57:48,676:INFO:discord.state: Processed a chunk for 1000 members in guild ID 356876866952364032.
2017-09-23 22:57:48,881:INFO:discord.state: Processed a chunk for 1000 members in guild ID 356876866952364032.
2017-09-23 22:57:49,080:INFO:discord.state: Processed a chunk for 1000 members in guild ID 356876866952364032.
2017-09-23 22:57:49,222:INFO:discord.state: Processed a chunk for 1000 members in guild ID 356876866952364032.
2017-09-23 22:57:49,294:INFO:discord.state: Processed a chunk for 574 members in guild ID 356876866952364032.
2017-09-23 22:57:49,443:INFO:discord.state: Processed a chunk for 1000 members in guild ID 356876897403011072.
2017-09-23 22:57:49,589:INFO:discord.state: Processed a chunk for 1000 members in guild ID 356876897403011072.
2017-09-23 22:57:49,728:INFO:discord.state: Processed a chunk for 1000 members in guild ID 356876897403011072.
2017-09-23 22:57:49,871:INFO:discord.state: Processed a chunk for 1000 members in guild ID 356876897403011072.
2017-09-23 22:57:50,011:INFO:discord.state: Processed a chunk for 1000 members in guild ID 356876897403011072.
2017-09-23 22:57:50,067:INFO:discord.state: Processed a chunk for 473 members in guild ID 356876897403011072.
2017-09-23 22:57:50,222:INFO:discord.state: Processed a chunk for 1000 members in guild ID 356869031870988309.
2017-09-23 22:57:50,365:INFO:discord.state: Processed a chunk for 1000 members in guild ID 356869031870988309.
2017-09-23 22:57:50,504:INFO:discord.state: Processed a chunk for 1000 members in guild ID 356869031870988309.
2017-09-23 22:57:50,643:INFO:discord.state: Processed a chunk for 1000 members in guild ID 356869031870988309.
2017-09-23 22:57:50,785:INFO:discord.state: Processed a chunk for 1000 members in guild ID 356869031870988309.
2017-09-23 22:57:50,880:INFO:discord.state: Processed a chunk for 711 members in guild ID 356869031870988309.
2017-09-23 22:57:51,037:INFO:discord.state: Processed a chunk for 1000 members in guild ID 272885620769161216.
2017-09-23 22:57:51,177:INFO:discord.state: Processed a chunk for 1000 members in guild ID 272885620769161216.
2017-09-23 22:57:51,323:INFO:discord.state: Processed a chunk for 1000 members in guild ID 272885620769161216.
2017-09-23 22:57:51,473:INFO:discord.state: Processed a chunk for 1000 members in guild ID 272885620769161216.
2017-09-23 22:57:51,625:INFO:discord.state: Processed a chunk for 1000 members in guild ID 272885620769161216.
2017-09-23 22:57:51,760:INFO:discord.state: Processed a chunk for 1000 members in guild ID 272885620769161216.
2017-09-23 22:57:51,904:INFO:discord.state: Processed a chunk for 1000 members in guild ID 272885620769161216.
2017-09-23 22:57:52,060:INFO:discord.state: Processed a chunk for 1000 members in guild ID 272885620769161216.
2017-09-23 22:57:52,225:INFO:discord.state: Processed a chunk for 1000 members in guild ID 272885620769161216.
2017-09-23 22:57:52,363:INFO:discord.state: Processed a chunk for 1000 members in guild ID 272885620769161216.
2017-09-23 22:57:52,467:INFO:discord.state: Processed a chunk for 1000 members in guild ID 272885620769161216.
2017-09-23 22:57:52,623:INFO:discord.state: Processed a chunk for 1000 members in guild ID 272885620769161216.
2017-09-23 22:57:52,753:INFO:discord.state: Processed a chunk for 1000 members in guild ID 272885620769161216.
2017-09-23 22:57:52,904:INFO:discord.state: Processed a chunk for 1000 members in guild ID 272885620769161216.
2017-09-23 22:57:53,054:INFO:discord.state: Processed a chunk for 1000 members in guild ID 272885620769161216.
2017-09-23 22:57:53,195:INFO:discord.state: Processed a chunk for 1000 members in guild ID 272885620769161216.
2017-09-23 22:57:53,343:INFO:discord.state: Processed a chunk for 1000 members in guild ID 272885620769161216.
2017-09-23 22:57:53,489:INFO:discord.state: Processed a chunk for 1000 members in guild ID 272885620769161216.
2017-09-23 22:57:53,640:INFO:discord.state: Processed a chunk for 1000 members in guild ID 272885620769161216.
2017-09-23 22:57:53,775:INFO:discord.state: Processed a chunk for 1000 members in guild ID 272885620769161216.
2017-09-23 22:57:53,933:INFO:discord.state: Processed a chunk for 1000 members in guild ID 272885620769161216.
2017-09-23 22:57:54,116:INFO:discord.state: Processed a chunk for 1000 members in guild ID 272885620769161216.
2017-09-23 22:57:54,126:INFO:discord.state: Processed a chunk for 160 members in guild ID 272885620769161216.
2017-09-23 22:57:55,324:ERROR:discord: unexpected error while running the sync command
Traceback (most recent call last):
  File "/usr/local/lib/python3.6/dist-packages/discord/ext/commands/core.py", line 62, in wrapped
    ret = yield from coro(*args, **kwargs)
  File "/home/frostluma/BlobHammer/run.py", line 99, in sync
    await self.get_cog('Roles').sync()
  File "/home/frostluma/BlobHammer/roles.py", line 68, in sync
    await member.add_roles(role)
  File "/usr/local/lib/python3.6/dist-packages/discord/member.py", line 514, in add_roles
    yield from req(guild_id, user_id, role.id, reason=reason)
  File "/usr/local/lib/python3.6/dist-packages/discord/http.py", line 208, in request
    raise Forbidden(r, data)
discord.errors.Forbidden: FORBIDDEN (status code: 403): Missing Access
2017-09-23 23:01:32,484:INFO:discord.client: Cleaning up event loop.
2017-09-23 23:01:32,754:INFO:discord.gateway: Websocket closed with 1000 (), cannot reconnect.
2017-09-23 23:01:32,755:INFO:discord.client: Cleaning up after 3 tasks
2017-09-23 23:01:33,171:INFO:discord.client: logging in using static token
2017-09-23 23:01:33,822:INFO:discord.gateway: Created websocket connected to wss://gateway.discord.gg?encoding=json&v=6
2017-09-23 23:01:33,824:INFO:discord.gateway: Shard ID None has sent the IDENTIFY payload.
2017-09-23 23:01:33,989:INFO:discord.gateway: Shard ID None has connected to Gateway: gateway-prd-main-2b3f, discord-sessions-prd-1-3 (Session ID: 2460946c6b5191b110d9755f7530387d).
2017-09-23 23:01:38,547:INFO:discord.state: Processed a chunk for 1000 members in guild ID 356869031870988309.
2017-09-23 23:01:38,705:INFO:discord.state: Processed a chunk for 1000 members in guild ID 356869031870988309.
2017-09-23 23:01:38,927:INFO:discord.state: Processed a chunk for 1000 members in guild ID 356869031870988309.
2017-09-23 23:01:39,056:INFO:discord.state: Processed a chunk for 1000 members in guild ID 356869031870988309.
2017-09-23 23:01:39,206:INFO:discord.state: Processed a chunk for 1000 members in guild ID 356869031870988309.
2017-09-23 23:01:39,296:INFO:discord.state: Processed a chunk for 711 members in guild ID 356869031870988309.
2017-09-23 23:01:39,446:INFO:discord.state: Processed a chunk for 1000 members in guild ID 356876866952364032.
2017-09-23 23:01:39,589:INFO:discord.state: Processed a chunk for 1000 members in guild ID 356876866952364032.
2017-09-23 23:01:39,734:INFO:discord.state: Processed a chunk for 1000 members in guild ID 356876866952364032.
2017-09-23 23:01:39,877:INFO:discord.state: Processed a chunk for 1000 members in guild ID 356876866952364032.
2017-09-23 23:01:40,014:INFO:discord.state: Processed a chunk for 1000 members in guild ID 356876866952364032.
2017-09-23 23:01:40,075:INFO:discord.state: Processed a chunk for 574 members in guild ID 356876866952364032.
2017-09-23 23:01:40,226:INFO:discord.state: Processed a chunk for 1000 members in guild ID 356876897403011072.
2017-09-23 23:01:40,377:INFO:discord.state: Processed a chunk for 1000 members in guild ID 356876897403011072.
2017-09-23 23:01:40,517:INFO:discord.state: Processed a chunk for 1000 members in guild ID 356876897403011072.
2017-09-23 23:01:40,659:INFO:discord.state: Processed a chunk for 1000 members in guild ID 356876897403011072.
2017-09-23 23:01:40,978:INFO:discord.state: Processed a chunk for 1000 members in guild ID 356876897403011072.
2017-09-23 23:01:41,081:INFO:discord.state: Processed a chunk for 473 members in guild ID 356876897403011072.
2017-09-23 23:01:41,179:INFO:discord.state: Processed a chunk for 1000 members in guild ID 272885620769161216.
2017-09-23 23:01:41,215:INFO:discord.state: Processed a chunk for 1000 members in guild ID 272885620769161216.
2017-09-23 23:01:41,389:INFO:discord.state: Processed a chunk for 1000 members in guild ID 272885620769161216.
2017-09-23 23:01:41,503:INFO:discord.state: Processed a chunk for 1000 members in guild ID 272885620769161216.
2017-09-23 23:01:41,609:INFO:discord.state: Processed a chunk for 1000 members in guild ID 272885620769161216.
2017-09-23 23:01:41,708:INFO:discord.state: Processed a chunk for 1000 members in guild ID 272885620769161216.
2017-09-23 23:01:41,853:INFO:discord.state: Processed a chunk for 1000 members in guild ID 272885620769161216.
2017-09-23 23:01:42,000:INFO:discord.state: Processed a chunk for 1000 members in guild ID 272885620769161216.
2017-09-23 23:01:42,137:INFO:discord.state: Processed a chunk for 1000 members in guild ID 272885620769161216.
2017-09-23 23:01:42,287:INFO:discord.state: Processed a chunk for 1000 members in guild ID 272885620769161216.
2017-09-23 23:01:42,454:INFO:discord.state: Processed a chunk for 1000 members in guild ID 272885620769161216.
2017-09-23 23:01:42,568:INFO:discord.state: Processed a chunk for 1000 members in guild ID 272885620769161216.
2017-09-23 23:01:42,711:INFO:discord.state: Processed a chunk for 1000 members in guild ID 272885620769161216.
2017-09-23 23:01:42,856:INFO:discord.state: Processed a chunk for 1000 members in guild ID 272885620769161216.
2017-09-23 23:01:43,008:INFO:discord.state: Processed a chunk for 1000 members in guild ID 272885620769161216.
2017-09-23 23:01:43,164:INFO:discord.state: Processed a chunk for 1000 members in guild ID 272885620769161216.
2017-09-23 23:01:43,307:INFO:discord.state: Processed a chunk for 1000 members in guild ID 272885620769161216.
2017-09-23 23:01:43,449:INFO:discord.state: Processed a chunk for 1000 members in guild ID 272885620769161216.
2017-09-23 23:01:43,613:INFO:discord.state: Processed a chunk for 1000 members in guild ID 272885620769161216.
2017-09-23 23:01:43,759:INFO:discord.state: Processed a chunk for 1000 members in guild ID 272885620769161216.
2017-09-23 23:01:43,913:INFO:discord.state: Processed a chunk for 1000 members in guild ID 272885620769161216.
2017-09-23 23:01:44,174:INFO:discord.state: Processed a chunk for 1000 members in guild ID 272885620769161216.
2017-09-23 23:01:44,181:INFO:discord.state: Processed a chunk for 160 members in guild ID 272885620769161216.
2017-09-23 23:02:02,798:INFO:discord.client: Cleaning up event loop.
2017-09-23 23:02:02,925:INFO:discord.gateway: Websocket closed with 1000 (), cannot reconnect.
2017-09-23 23:02:02,926:INFO:discord.client: Cleaning up after 4 tasks
2017-09-23 23:02:03,279:INFO:discord.client: logging in using static token
2017-09-23 23:02:03,959:INFO:discord.gateway: Created websocket connected to wss://gateway.discord.gg?encoding=json&v=6
2017-09-23 23:02:03,961:INFO:discord.gateway: Shard ID None has sent the IDENTIFY payload.
2017-09-23 23:02:04,220:INFO:discord.gateway: Shard ID None has connected to Gateway: gateway-prd-main-lbkn, discord-sessions-prd-1-14 (Session ID: 0e465e132bd01913e456c6ca4b8d4527).
2017-09-23 23:02:08,717:INFO:discord.state: Processed a chunk for 1000 members in guild ID 356876897403011072.
2017-09-23 23:02:08,875:INFO:discord.state: Processed a chunk for 1000 members in guild ID 356876897403011072.
2017-09-23 23:02:09,046:INFO:discord.state: Processed a chunk for 1000 members in guild ID 356876897403011072.
2017-09-23 23:02:09,164:INFO:discord.state: Processed a chunk for 1000 members in guild ID 356876897403011072.
2017-09-23 23:02:09,305:INFO:discord.state: Processed a chunk for 1000 members in guild ID 356876897403011072.
2017-09-23 23:02:09,365:INFO:discord.state: Processed a chunk for 473 members in guild ID 356876897403011072.
2017-09-23 23:02:09,525:INFO:discord.state: Processed a chunk for 1000 members in guild ID 356869031870988309.
2017-09-23 23:02:09,665:INFO:discord.state: Processed a chunk for 1000 members in guild ID 356869031870988309.
2017-09-23 23:02:09,804:INFO:discord.state: Processed a chunk for 1000 members in guild ID 356869031870988309.
2017-09-23 23:02:09,950:INFO:discord.state: Processed a chunk for 1000 members in guild ID 356869031870988309.
2017-09-23 23:02:10,085:INFO:discord.state: Processed a chunk for 1000 members in guild ID 356869031870988309.
2017-09-23 23:02:10,179:INFO:discord.state: Processed a chunk for 711 members in guild ID 356869031870988309.
2017-09-23 23:02:10,329:INFO:discord.state: Processed a chunk for 1000 members in guild ID 356876866952364032.
2017-09-23 23:02:10,482:INFO:discord.state: Processed a chunk for 1000 members in guild ID 356876866952364032.
2017-09-23 23:02:10,629:INFO:discord.state: Processed a chunk for 1000 members in guild ID 356876866952364032.
2017-09-23 23:02:11,009:INFO:discord.state: Processed a chunk for 1000 members in guild ID 356876866952364032.
2017-09-23 23:02:11,031:INFO:discord.state: Processed a chunk for 1000 members in guild ID 356876866952364032.
2017-09-23 23:02:11,158:INFO:discord.state: Processed a chunk for 574 members in guild ID 356876866952364032.
2017-09-23 23:02:11,270:INFO:discord.state: Processed a chunk for 1000 members in guild ID 272885620769161216.
2017-09-23 23:02:11,329:INFO:discord.state: Processed a chunk for 1000 members in guild ID 272885620769161216.
2017-09-23 23:02:11,455:INFO:discord.state: Processed a chunk for 1000 members in guild ID 272885620769161216.
2017-09-23 23:02:11,591:INFO:discord.state: Processed a chunk for 1000 members in guild ID 272885620769161216.
2017-09-23 23:02:11,751:INFO:discord.state: Processed a chunk for 1000 members in guild ID 272885620769161216.
2017-09-23 23:02:11,923:INFO:discord.state: Processed a chunk for 1000 members in guild ID 272885620769161216.
2017-09-23 23:02:12,110:INFO:discord.state: Processed a chunk for 1000 members in guild ID 272885620769161216.
2017-09-23 23:02:12,262:INFO:discord.state: Processed a chunk for 1000 members in guild ID 272885620769161216.
2017-09-23 23:02:12,424:INFO:discord.state: Processed a chunk for 1000 members in guild ID 272885620769161216.
2017-09-23 23:02:12,581:INFO:discord.state: Processed a chunk for 1000 members in guild ID 272885620769161216.
2017-09-23 23:02:12,703:INFO:discord.state: Processed a chunk for 1000 members in guild ID 272885620769161216.
2017-09-23 23:02:12,848:INFO:discord.state: Processed a chunk for 1000 members in guild ID 272885620769161216.
2017-09-23 23:02:12,997:INFO:discord.state: Processed a chunk for 1000 members in guild ID 272885620769161216.
2017-09-23 23:02:13,130:INFO:discord.state: Processed a chunk for 1000 members in guild ID 272885620769161216.
2017-09-23 23:02:13,282:INFO:discord.state: Processed a chunk for 1000 members in guild ID 272885620769161216.
2017-09-23 23:02:13,418:INFO:discord.state: Processed a chunk for 1000 members in guild ID 272885620769161216.
2017-09-23 23:02:13,561:INFO:discord.state: Processed a chunk for 1000 members in guild ID 272885620769161216.
2017-09-23 23:02:13,708:INFO:discord.state: Processed a chunk for 1000 members in guild ID 272885620769161216.
2017-09-23 23:02:13,841:INFO:discord.state: Processed a chunk for 1000 members in guild ID 272885620769161216.
2017-09-23 23:02:14,066:INFO:discord.state: Processed a chunk for 1000 members in guild ID 272885620769161216.
2017-09-23 23:02:14,251:INFO:discord.state: Processed a chunk for 1000 members in guild ID 272885620769161216.
2017-09-23 23:02:14,390:INFO:discord.state: Processed a chunk for 1000 members in guild ID 272885620769161216.
2017-09-23 23:02:14,395:INFO:discord.state: Processed a chunk for 160 members in guild ID 272885620769161216.
2017-09-23 23:03:54,701:INFO:discord.client: Cleaning up event loop.
2017-09-23 23:03:54,837:INFO:discord.gateway: Websocket closed with 1000 (), cannot reconnect.
2017-09-23 23:03:54,838:INFO:discord.client: Cleaning up after 3 tasks
2017-09-23 23:03:55,196:INFO:discord.client: logging in using static token
2017-09-23 23:03:55,784:INFO:discord.gateway: Created websocket connected to wss://gateway.discord.gg?encoding=json&v=6
2017-09-23 23:03:55,785:INFO:discord.gateway: Shard ID None has sent the IDENTIFY payload.
2017-09-23 23:03:55,984:INFO:discord.gateway: Shard ID None has connected to Gateway: gateway-prd-main-4lj8, discord-sessions-prd-1-5 (Session ID: 213d62095c10756de1548a96f7c23fa2).
2017-09-23 23:04:00,870:INFO:discord.state: Processed a chunk for 1000 members in guild ID 356869031870988309.
2017-09-23 23:04:01,011:INFO:discord.state: Processed a chunk for 1000 members in guild ID 356869031870988309.
2017-09-23 23:04:01,171:INFO:discord.state: Processed a chunk for 1000 members in guild ID 356869031870988309.
2017-09-23 23:04:01,294:INFO:discord.state: Processed a chunk for 1000 members in guild ID 356869031870988309.
2017-09-23 23:04:01,446:INFO:discord.state: Processed a chunk for 1000 members in guild ID 356869031870988309.
2017-09-23 23:04:01,536:INFO:discord.state: Processed a chunk for 711 members in guild ID 356869031870988309.
2017-09-23 23:04:01,684:INFO:discord.state: Processed a chunk for 1000 members in guild ID 356876866952364032.
2017-09-23 23:04:01,822:INFO:discord.state: Processed a chunk for 1000 members in guild ID 356876866952364032.
2017-09-23 23:04:01,953:INFO:discord.state: Processed a chunk for 1000 members in guild ID 356876866952364032.
2017-09-23 23:04:02,106:INFO:discord.state: Processed a chunk for 1000 members in guild ID 356876866952364032.
2017-09-23 23:04:02,240:INFO:discord.state: Processed a chunk for 1000 members in guild ID 356876866952364032.
2017-09-23 23:04:02,328:INFO:discord.state: Processed a chunk for 574 members in guild ID 356876866952364032.
2017-09-23 23:04:02,464:INFO:discord.state: Processed a chunk for 1000 members in guild ID 356876897403011072.
2017-09-23 23:04:02,611:INFO:discord.state: Processed a chunk for 1000 members in guild ID 356876897403011072.
2017-09-23 23:04:02,744:INFO:discord.state: Processed a chunk for 1000 members in guild ID 356876897403011072.
2017-09-23 23:04:02,900:INFO:discord.state: Processed a chunk for 1000 members in guild ID 356876897403011072.
2017-09-23 23:04:03,192:INFO:discord.state: Processed a chunk for 1000 members in guild ID 356876897403011072.
2017-09-23 23:04:03,222:INFO:discord.state: Processed a chunk for 473 members in guild ID 356876897403011072.
2017-09-23 23:04:03,412:INFO:discord.state: Processed a chunk for 1000 members in guild ID 272885620769161216.
2017-09-23 23:04:03,483:INFO:discord.state: Processed a chunk for 1000 members in guild ID 272885620769161216.
2017-09-23 23:04:03,653:INFO:discord.state: Processed a chunk for 1000 members in guild ID 272885620769161216.
2017-09-23 23:04:03,796:INFO:discord.state: Processed a chunk for 1000 members in guild ID 272885620769161216.
2017-09-23 23:04:03,896:INFO:discord.state: Processed a chunk for 1000 members in guild ID 272885620769161216.
2017-09-23 23:04:04,011:INFO:discord.state: Processed a chunk for 1000 members in guild ID 272885620769161216.
2017-09-23 23:04:04,217:INFO:discord.state: Processed a chunk for 1000 members in guild ID 272885620769161216.
2017-09-23 23:04:04,359:INFO:discord.state: Processed a chunk for 1000 members in guild ID 272885620769161216.
2017-09-23 23:04:04,500:INFO:discord.state: Processed a chunk for 1000 members in guild ID 272885620769161216.
2017-09-23 23:04:04,666:INFO:discord.state: Processed a chunk for 1000 members in guild ID 272885620769161216.
2017-09-23 23:04:04,786:INFO:discord.state: Processed a chunk for 1000 members in guild ID 272885620769161216.
2017-09-23 23:04:04,932:INFO:discord.state: Processed a chunk for 1000 members in guild ID 272885620769161216.
2017-09-23 23:04:05,071:INFO:discord.state: Processed a chunk for 1000 members in guild ID 272885620769161216.
2017-09-23 23:04:05,214:INFO:discord.state: Processed a chunk for 1000 members in guild ID 272885620769161216.
2017-09-23 23:04:05,354:INFO:discord.state: Processed a chunk for 1000 members in guild ID 272885620769161216.
2017-09-23 23:04:05,512:INFO:discord.state: Processed a chunk for 1000 members in guild ID 272885620769161216.
2017-09-23 23:04:05,641:INFO:discord.state: Processed a chunk for 1000 members in guild ID 272885620769161216.
2017-09-23 23:04:05,779:INFO:discord.state: Processed a chunk for 1000 members in guild ID 272885620769161216.
2017-09-23 23:04:05,920:INFO:discord.state: Processed a chunk for 1000 members in guild ID 272885620769161216.
2017-09-23 23:04:06,066:INFO:discord.state: Processed a chunk for 1000 members in guild ID 272885620769161216.
2017-09-23 23:04:06,203:INFO:discord.state: Processed a chunk for 1000 members in guild ID 272885620769161216.
2017-09-23 23:04:06,350:INFO:discord.state: Processed a chunk for 1000 members in guild ID 272885620769161216.
2017-09-23 23:04:06,355:INFO:discord.state: Processed a chunk for 159 members in guild ID 272885620769161216.
2017-09-23 23:04:27,978:INFO:discord.client: Cleaning up event loop.
2017-09-23 23:04:28,126:INFO:discord.gateway: Websocket closed with 1000 (), cannot reconnect.
2017-09-23 23:04:28,126:INFO:discord.client: Cleaning up after 3 tasks
2017-09-23 23:04:28,466:INFO:discord.client: logging in using static token
2017-09-23 23:04:29,087:INFO:discord.gateway: Created websocket connected to wss://gateway.discord.gg?encoding=json&v=6
2017-09-23 23:04:29,089:INFO:discord.gateway: Shard ID None has sent the IDENTIFY payload.
2017-09-23 23:04:29,262:INFO:discord.gateway: Shard ID None has connected to Gateway: gateway-prd-main-bqtv, discord-sessions-prd-1-11 (Session ID: 7d8b9c2137afdaf2c4c223f980c45c9b).
2017-09-23 23:04:33,705:INFO:discord.state: Processed a chunk for 1000 members in guild ID 356876897403011072.
2017-09-23 23:04:33,848:INFO:discord.state: Processed a chunk for 1000 members in guild ID 356876897403011072.
2017-09-23 23:04:34,021:INFO:discord.state: Processed a chunk for 1000 members in guild ID 356876897403011072.
2017-09-23 23:04:34,321:INFO:discord.state: Processed a chunk for 1000 members in guild ID 356876897403011072.
2017-09-23 23:04:34,396:INFO:discord.state: Processed a chunk for 1000 members in guild ID 356876897403011072.
2017-09-23 23:04:34,448:INFO:discord.state: Processed a chunk for 473 members in guild ID 356876897403011072.
2017-09-23 23:04:34,601:INFO:discord.state: Processed a chunk for 1000 members in guild ID 356876866952364032.
2017-09-23 23:04:34,743:INFO:discord.state: Processed a chunk for 1000 members in guild ID 356876866952364032.
2017-09-23 23:04:34,881:INFO:discord.state: Processed a chunk for 1000 members in guild ID 356876866952364032.
2017-09-23 23:04:35,026:INFO:discord.state: Processed a chunk for 1000 members in guild ID 356876866952364032.
2017-09-23 23:04:35,167:INFO:discord.state: Processed a chunk for 1000 members in guild ID 356876866952364032.
2017-09-23 23:04:35,248:INFO:discord.state: Processed a chunk for 574 members in guild ID 356876866952364032.
2017-09-23 23:04:35,398:INFO:discord.state: Processed a chunk for 1000 members in guild ID 356869031870988309.
2017-09-23 23:04:35,532:INFO:discord.state: Processed a chunk for 1000 members in guild ID 356869031870988309.
2017-09-23 23:04:35,672:INFO:discord.state: Processed a chunk for 1000 members in guild ID 356869031870988309.
2017-09-23 23:04:35,812:INFO:discord.state: Processed a chunk for 1000 members in guild ID 356869031870988309.
2017-09-23 23:04:35,956:INFO:discord.state: Processed a chunk for 1000 members in guild ID 356869031870988309.
2017-09-23 23:04:36,049:INFO:discord.state: Processed a chunk for 711 members in guild ID 356869031870988309.
2017-09-23 23:04:36,204:INFO:discord.state: Processed a chunk for 1000 members in guild ID 272885620769161216.
2017-09-23 23:04:36,349:INFO:discord.state: Processed a chunk for 1000 members in guild ID 272885620769161216.
2017-09-23 23:04:36,487:INFO:discord.state: Processed a chunk for 1000 members in guild ID 272885620769161216.
2017-09-23 23:04:36,631:INFO:discord.state: Processed a chunk for 1000 members in guild ID 272885620769161216.
2017-09-23 23:04:36,765:INFO:discord.state: Processed a chunk for 1000 members in guild ID 272885620769161216.
2017-09-23 23:04:36,914:INFO:discord.state: Processed a chunk for 1000 members in guild ID 272885620769161216.
2017-09-23 23:04:37,049:INFO:discord.state: Processed a chunk for 1000 members in guild ID 272885620769161216.
2017-09-23 23:04:37,197:INFO:discord.state: Processed a chunk for 1000 members in guild ID 272885620769161216.
2017-09-23 23:04:37,342:INFO:discord.state: Processed a chunk for 1000 members in guild ID 272885620769161216.
2017-09-23 23:04:37,494:INFO:discord.state: Processed a chunk for 1000 members in guild ID 272885620769161216.
2017-09-23 23:04:37,728:INFO:discord.state: Processed a chunk for 1000 members in guild ID 272885620769161216.
2017-09-23 23:04:37,846:INFO:discord.state: Processed a chunk for 1000 members in guild ID 272885620769161216.
2017-09-23 23:04:37,897:INFO:discord.state: Processed a chunk for 1000 members in guild ID 272885620769161216.
2017-09-23 23:04:38,043:INFO:discord.state: Processed a chunk for 1000 members in guild ID 272885620769161216.
2017-09-23 23:04:38,184:INFO:discord.state: Processed a chunk for 1000 members in guild ID 272885620769161216.
2017-09-23 23:04:38,325:INFO:discord.state: Processed a chunk for 1000 members in guild ID 272885620769161216.
2017-09-23 23:04:38,477:INFO:discord.state: Processed a chunk for 1000 members in guild ID 272885620769161216.
2017-09-23 23:04:38,615:INFO:discord.state: Processed a chunk for 1000 members in guild ID 272885620769161216.
2017-09-23 23:04:38,754:INFO:discord.state: Processed a chunk for 1000 members in guild ID 272885620769161216.
2017-09-23 23:04:38,898:INFO:discord.state: Processed a chunk for 1000 members in guild ID 272885620769161216.
2017-09-23 23:04:39,044:INFO:discord.state: Processed a chunk for 1000 members in guild ID 272885620769161216.
2017-09-23 23:04:39,186:INFO:discord.state: Processed a chunk for 1000 members in guild ID 272885620769161216.
2017-09-23 23:04:39,191:INFO:discord.state: Processed a chunk for 159 members in guild ID 272885620769161216.
2017-09-23 23:05:28,787:INFO:discord.client: Cleaning up event loop.
2017-09-23 23:05:28,999:INFO:discord.gateway: Websocket closed with 1000 (), cannot reconnect.
2017-09-23 23:05:28,999:INFO:discord.client: Cleaning up after 4 tasks
2017-09-23 23:05:29,359:INFO:discord.client: logging in using static token
2017-09-23 23:05:29,976:INFO:discord.gateway: Created websocket connected to wss://gateway.discord.gg?encoding=json&v=6
2017-09-23 23:05:29,978:INFO:discord.gateway: Shard ID None has sent the IDENTIFY payload.
2017-09-23 23:05:30,147:INFO:discord.gateway: Shard ID None has connected to Gateway: gateway-prd-main-fhh9, discord-sessions-prd-1-6 (Session ID: 9f060ccc37977ac57e6a71655b2c3563).
2017-09-23 23:05:34,716:INFO:discord.state: Processed a chunk for 1000 members in guild ID 356876866952364032.
2017-09-23 23:05:34,861:INFO:discord.state: Processed a chunk for 1000 members in guild ID 356876866952364032.
2017-09-23 23:05:35,021:INFO:discord.state: Processed a chunk for 1000 members in guild ID 356876866952364032.
2017-09-23 23:05:35,144:INFO:discord.state: Processed a chunk for 1000 members in guild ID 356876866952364032.
2017-09-23 23:05:35,282:INFO:discord.state: Processed a chunk for 1000 members in guild ID 356876866952364032.
2017-09-23 23:05:35,354:INFO:discord.state: Processed a chunk for 574 members in guild ID 356876866952364032.
2017-09-23 23:05:35,498:INFO:discord.state: Processed a chunk for 1000 members in guild ID 356869031870988309.
2017-09-23 23:05:35,635:INFO:discord.state: Processed a chunk for 1000 members in guild ID 356869031870988309.
2017-09-23 23:05:35,780:INFO:discord.state: Processed a chunk for 1000 members in guild ID 356869031870988309.
2017-09-23 23:05:35,932:INFO:discord.state: Processed a chunk for 1000 members in guild ID 356869031870988309.
2017-09-23 23:05:36,086:INFO:discord.state: Processed a chunk for 1000 members in guild ID 356869031870988309.
2017-09-23 23:05:36,162:INFO:discord.state: Processed a chunk for 711 members in guild ID 356869031870988309.
2017-09-23 23:05:36,312:INFO:discord.state: Processed a chunk for 1000 members in guild ID 356876897403011072.
2017-09-23 23:05:36,453:INFO:discord.state: Processed a chunk for 1000 members in guild ID 356876897403011072.
2017-09-23 23:05:36,595:INFO:discord.state: Processed a chunk for 1000 members in guild ID 356876897403011072.
2017-09-23 23:05:36,899:INFO:discord.state: Processed a chunk for 1000 members in guild ID 356876897403011072.
2017-09-23 23:05:36,993:INFO:discord.state: Processed a chunk for 1000 members in guild ID 356876897403011072.
2017-09-23 23:05:37,140:INFO:discord.state: Processed a chunk for 473 members in guild ID 356876897403011072.
2017-09-23 23:05:37,254:INFO:discord.state: Processed a chunk for 1000 members in guild ID 272885620769161216.
2017-09-23 23:05:37,359:INFO:discord.state: Processed a chunk for 1000 members in guild ID 272885620769161216.
2017-09-23 23:05:37,437:INFO:discord.state: Processed a chunk for 1000 members in guild ID 272885620769161216.
2017-09-23 23:05:37,537:INFO:discord.state: Processed a chunk for 1000 members in guild ID 272885620769161216.
2017-09-23 23:05:37,680:INFO:discord.state: Processed a chunk for 1000 members in guild ID 272885620769161216.
2017-09-23 23:05:37,823:INFO:discord.state: Processed a chunk for 1000 members in guild ID 272885620769161216.
2017-09-23 23:05:37,966:INFO:discord.state: Processed a chunk for 1000 members in guild ID 272885620769161216.
2017-09-23 23:05:38,114:INFO:discord.state: Processed a chunk for 1000 members in guild ID 272885620769161216.
2017-09-23 23:05:38,252:INFO:discord.state: Processed a chunk for 1000 members in guild ID 272885620769161216.
2017-09-23 23:05:38,425:INFO:discord.state: Processed a chunk for 1000 members in guild ID 272885620769161216.
2017-09-23 23:05:38,539:INFO:discord.state: Processed a chunk for 1000 members in guild ID 272885620769161216.
2017-09-23 23:05:38,683:INFO:discord.state: Processed a chunk for 1000 members in guild ID 272885620769161216.
2017-09-23 23:05:38,826:INFO:discord.state: Processed a chunk for 1000 members in guild ID 272885620769161216.
2017-09-23 23:05:38,974:INFO:discord.state: Processed a chunk for 1000 members in guild ID 272885620769161216.
2017-09-23 23:05:39,124:INFO:discord.state: Processed a chunk for 1000 members in guild ID 272885620769161216.
2017-09-23 23:05:39,270:INFO:discord.state: Processed a chunk for 1000 members in guild ID 272885620769161216.
2017-09-23 23:05:39,414:INFO:discord.state: Processed a chunk for 1000 members in guild ID 272885620769161216.
2017-09-23 23:05:39,555:INFO:discord.state: Processed a chunk for 1000 members in guild ID 272885620769161216.
2017-09-23 23:05:39,702:INFO:discord.state: Processed a chunk for 1000 members in guild ID 272885620769161216.
2017-09-23 23:05:39,848:INFO:discord.state: Processed a chunk for 1000 members in guild ID 272885620769161216.
2017-09-23 23:05:39,989:INFO:discord.state: Processed a chunk for 1000 members in guild ID 272885620769161216.
2017-09-23 23:05:40,116:INFO:discord.state: Processed a chunk for 1000 members in guild ID 272885620769161216.
2017-09-23 23:05:40,126:INFO:discord.state: Processed a chunk for 159 members in guild ID 272885620769161216.
2017-09-23 23:17:17,905:INFO:discord.client: Cleaning up event loop.
2017-09-23 23:17:18,043:INFO:discord.gateway: Websocket closed with 1000 (), cannot reconnect.
2017-09-23 23:17:18,043:INFO:discord.client: Cleaning up after 4 tasks
2017-09-23 23:17:18,369:INFO:discord.client: logging in using static token
2017-09-23 23:17:19,047:INFO:discord.gateway: Created websocket connected to wss://gateway.discord.gg?encoding=json&v=6
2017-09-23 23:17:19,048:INFO:discord.gateway: Shard ID None has sent the IDENTIFY payload.
2017-09-23 23:17:19,219:INFO:discord.gateway: Shard ID None has connected to Gateway: gateway-prd-main-skw4, discord-sessions-prd-1-6 (Session ID: d1155f62dd9672ac9c44930d9f121097).
2017-09-23 23:17:23,796:INFO:discord.state: Processed a chunk for 1000 members in guild ID 356869031870988309.
2017-09-23 23:17:23,929:INFO:discord.state: Processed a chunk for 1000 members in guild ID 356869031870988309.
2017-09-23 23:17:24,095:INFO:discord.state: Processed a chunk for 1000 members in guild ID 356869031870988309.
2017-09-23 23:17:24,216:INFO:discord.state: Processed a chunk for 1000 members in guild ID 356869031870988309.
2017-09-23 23:17:24,357:INFO:discord.state: Processed a chunk for 1000 members in guild ID 356869031870988309.
2017-09-23 23:17:24,446:INFO:discord.state: Processed a chunk for 712 members in guild ID 356869031870988309.
2017-09-23 23:17:24,592:INFO:discord.state: Processed a chunk for 1000 members in guild ID 356876866952364032.
2017-09-23 23:17:24,735:INFO:discord.state: Processed a chunk for 1000 members in guild ID 356876866952364032.
2017-09-23 23:17:24,873:INFO:discord.state: Processed a chunk for 1000 members in guild ID 356876866952364032.
2017-09-23 23:17:25,012:INFO:discord.state: Processed a chunk for 1000 members in guild ID 356876866952364032.
2017-09-23 23:17:25,155:INFO:discord.state: Processed a chunk for 1000 members in guild ID 356876866952364032.
2017-09-23 23:17:25,226:INFO:discord.state: Processed a chunk for 575 members in guild ID 356876866952364032.
2017-09-23 23:17:25,379:INFO:discord.state: Processed a chunk for 1000 members in guild ID 356876897403011072.
2017-09-23 23:17:25,523:INFO:discord.state: Processed a chunk for 1000 members in guild ID 356876897403011072.
2017-09-23 23:17:25,663:INFO:discord.state: Processed a chunk for 1000 members in guild ID 356876897403011072.
2017-09-23 23:17:25,805:INFO:discord.state: Processed a chunk for 1000 members in guild ID 356876897403011072.
2017-09-23 23:17:25,948:INFO:discord.state: Processed a chunk for 1000 members in guild ID 356876897403011072.
2017-09-23 23:17:26,006:INFO:discord.state: Processed a chunk for 474 members in guild ID 356876897403011072.
2017-09-23 23:17:26,321:INFO:discord.state: Processed a chunk for 1000 members in guild ID 272885620769161216.
2017-09-23 23:17:26,419:INFO:discord.state: Processed a chunk for 1000 members in guild ID 272885620769161216.
2017-09-23 23:17:26,737:INFO:discord.state: Processed a chunk for 1000 members in guild ID 272885620769161216.
2017-09-23 23:17:26,768:INFO:discord.state: Processed a chunk for 1000 members in guild ID 272885620769161216.
2017-09-23 23:17:26,796:INFO:discord.state: Processed a chunk for 1000 members in guild ID 272885620769161216.
2017-09-23 23:17:26,899:INFO:discord.state: Processed a chunk for 1000 members in guild ID 272885620769161216.
2017-09-23 23:17:27,017:INFO:discord.state: Processed a chunk for 1000 members in guild ID 272885620769161216.
2017-09-23 23:17:27,154:INFO:discord.state: Processed a chunk for 1000 members in guild ID 272885620769161216.
2017-09-23 23:17:27,303:INFO:discord.state: Processed a chunk for 1000 members in guild ID 272885620769161216.
2017-09-23 23:17:27,456:INFO:discord.state: Processed a chunk for 1000 members in guild ID 272885620769161216.
2017-09-23 23:17:27,617:INFO:discord.state: Processed a chunk for 1000 members in guild ID 272885620769161216.
2017-09-23 23:17:27,744:INFO:discord.state: Processed a chunk for 1000 members in guild ID 272885620769161216.
2017-09-23 23:17:27,886:INFO:discord.state: Processed a chunk for 1000 members in guild ID 272885620769161216.
2017-09-23 23:17:28,037:INFO:discord.state: Processed a chunk for 1000 members in guild ID 272885620769161216.
2017-09-23 23:17:28,169:INFO:discord.state: Processed a chunk for 1000 members in guild ID 272885620769161216.
2017-09-23 23:17:28,319:INFO:discord.state: Processed a chunk for 1000 members in guild ID 272885620769161216.
2017-09-23 23:17:28,458:INFO:discord.state: Processed a chunk for 1000 members in guild ID 272885620769161216.
2017-09-23 23:17:28,599:INFO:discord.state: Processed a chunk for 1000 members in guild ID 272885620769161216.
2017-09-23 23:17:28,743:INFO:discord.state: Processed a chunk for 1000 members in guild ID 272885620769161216.
2017-09-23 23:17:28,883:INFO:discord.state: Processed a chunk for 1000 members in guild ID 272885620769161216.
2017-09-23 23:17:29,023:INFO:discord.state: Processed a chunk for 1000 members in guild ID 272885620769161216.
2017-09-23 23:17:29,168:INFO:discord.state: Processed a chunk for 1000 members in guild ID 272885620769161216.
2017-09-23 23:17:29,173:INFO:discord.state: Processed a chunk for 160 members in guild ID 272885620769161216.
2017-09-23 23:18:59,119:INFO:discord.client: Cleaning up event loop.
2017-09-23 23:18:59,248:INFO:discord.gateway: Websocket closed with 1000 (), cannot reconnect.
2017-09-23 23:18:59,248:INFO:discord.client: Cleaning up after 4 tasks
2017-09-23 23:20:50,709:INFO:discord.client: logging in using static token
2017-09-23 23:20:51,657:INFO:discord.gateway: Created websocket connected to wss://gateway.discord.gg?encoding=json&v=6
2017-09-23 23:20:51,658:INFO:discord.gateway: Shard ID None has sent the IDENTIFY payload.
2017-09-23 23:20:51,828:INFO:discord.gateway: Shard ID None has connected to Gateway: gateway-prd-main-4xm3, discord-sessions-prd-1-8 (Session ID: 23c2d9f1f5a7695e5b0f6583e1d67b7b).
2017-09-23 23:20:56,571:INFO:discord.state: Processed a chunk for 1000 members in guild ID 356869031870988309.
2017-09-23 23:20:56,700:INFO:discord.state: Processed a chunk for 1000 members in guild ID 356869031870988309.
2017-09-23 23:20:56,859:INFO:discord.state: Processed a chunk for 1000 members in guild ID 356869031870988309.
2017-09-23 23:20:56,980:INFO:discord.state: Processed a chunk for 1000 members in guild ID 356869031870988309.
2017-09-23 23:20:57,117:INFO:discord.state: Processed a chunk for 1000 members in guild ID 356869031870988309.
2017-09-23 23:20:57,212:INFO:discord.state: Processed a chunk for 712 members in guild ID 356869031870988309.
2017-09-23 23:20:57,359:INFO:discord.state: Processed a chunk for 1000 members in guild ID 356876866952364032.
2017-09-23 23:20:57,499:INFO:discord.state: Processed a chunk for 1000 members in guild ID 356876866952364032.
2017-09-23 23:20:57,640:INFO:discord.state: Processed a chunk for 1000 members in guild ID 356876866952364032.
2017-09-23 23:20:57,780:INFO:discord.state: Processed a chunk for 1000 members in guild ID 356876866952364032.
2017-09-23 23:20:57,923:INFO:discord.state: Processed a chunk for 1000 members in guild ID 356876866952364032.
2017-09-23 23:20:57,996:INFO:discord.state: Processed a chunk for 575 members in guild ID 356876866952364032.
2017-09-23 23:20:58,145:INFO:discord.state: Processed a chunk for 1000 members in guild ID 356876897403011072.
2017-09-23 23:20:58,287:INFO:discord.state: Processed a chunk for 1000 members in guild ID 356876897403011072.
2017-09-23 23:20:58,723:INFO:discord.state: Processed a chunk for 1000 members in guild ID 356876897403011072.
2017-09-23 23:20:58,794:INFO:discord.state: Processed a chunk for 1000 members in guild ID 356876897403011072.
2017-09-23 23:20:58,919:INFO:discord.state: Processed a chunk for 1000 members in guild ID 356876897403011072.
2017-09-23 23:20:59,067:INFO:discord.state: Processed a chunk for 474 members in guild ID 356876897403011072.
2017-09-23 23:20:59,206:INFO:discord.state: Processed a chunk for 1000 members in guild ID 272885620769161216.
2017-09-23 23:20:59,330:INFO:discord.state: Processed a chunk for 1000 members in guild ID 272885620769161216.
2017-09-23 23:20:59,465:INFO:discord.state: Processed a chunk for 1000 members in guild ID 272885620769161216.
2017-09-23 23:20:59,642:INFO:discord.state: Processed a chunk for 1000 members in guild ID 272885620769161216.
2017-09-23 23:20:59,811:INFO:discord.state: Processed a chunk for 1000 members in guild ID 272885620769161216.
2017-09-23 23:20:59,995:INFO:discord.state: Processed a chunk for 1000 members in guild ID 272885620769161216.
2017-09-23 23:21:00,201:INFO:discord.state: Processed a chunk for 1000 members in guild ID 272885620769161216.
2017-09-23 23:21:00,386:INFO:discord.state: Processed a chunk for 1000 members in guild ID 272885620769161216.
2017-09-23 23:21:00,587:INFO:discord.state: Processed a chunk for 1000 members in guild ID 272885620769161216.
2017-09-23 23:21:00,814:INFO:discord.state: Processed a chunk for 1000 members in guild ID 272885620769161216.
2017-09-23 23:21:01,009:INFO:discord.state: Processed a chunk for 1000 members in guild ID 272885620769161216.
2017-09-23 23:21:01,223:INFO:discord.state: Processed a chunk for 1000 members in guild ID 272885620769161216.
2017-09-23 23:21:01,415:INFO:discord.state: Processed a chunk for 1000 members in guild ID 272885620769161216.
2017-09-23 23:21:01,621:INFO:discord.state: Processed a chunk for 1000 members in guild ID 272885620769161216.
2017-09-23 23:21:01,788:INFO:discord.state: Processed a chunk for 1000 members in guild ID 272885620769161216.
2017-09-23 23:21:01,933:INFO:discord.state: Processed a chunk for 1000 members in guild ID 272885620769161216.
2017-09-23 23:21:02,083:INFO:discord.state: Processed a chunk for 1000 members in guild ID 272885620769161216.
2017-09-23 23:21:02,320:INFO:discord.state: Processed a chunk for 1000 members in guild ID 272885620769161216.
2017-09-23 23:21:02,559:INFO:discord.state: Processed a chunk for 1000 members in guild ID 272885620769161216.
2017-09-23 23:21:02,836:INFO:discord.state: Processed a chunk for 1000 members in guild ID 272885620769161216.
2017-09-23 23:21:03,051:INFO:discord.state: Processed a chunk for 1000 members in guild ID 272885620769161216.
2017-09-23 23:21:03,203:INFO:discord.state: Processed a chunk for 1000 members in guild ID 272885620769161216.
2017-09-23 23:21:03,208:INFO:discord.state: Processed a chunk for 158 members in guild ID 272885620769161216.
2017-09-23 23:21:12,120:INFO:discord.client: Cleaning up event loop.
2017-09-23 23:21:12,287:INFO:discord.gateway: Websocket closed with 1000 (), cannot reconnect.
2017-09-23 23:21:12,287:INFO:discord.client: Cleaning up after 4 tasks
